This file contains any messages produced by compilers while
running configure, to aid debugging if configure makes a mistake.

It was created by gnome-applets configure 3.5.92, which was
generated by GNU Autoconf 2.69.  Invocation command line was

  $ ./configure 

## --------- ##
## Platform. ##
## --------- ##

hostname = administrator-Aspire-4752
uname -m = x86_64
uname -r = 3.11.0-15-generic
uname -s = Linux
uname -v = #23-Ubuntu SMP Mon Dec 9 18:17:04 UTC 2013

/usr/bin/uname -p = unknown
/bin/uname -X     = unknown

/bin/arch              = unknown
/usr/bin/arch -k       = unknown
/usr/convex/getsysinfo = unknown
/usr/bin/hostinfo      = unknown
/bin/machine           = unknown
/usr/bin/oslevel       = unknown
/bin/universe          = unknown

PATH: /home/administrator/bin
PATH: /home/administrator/Documents/tinyos/tinyos-main/support/sdk/c
PATH: /usr/local/apache/apache-maven-3.1.1/bin
PATH: /usr/local/sbin
PATH: /usr/local/bin
PATH: /usr/sbin
PATH: /usr/bin
PATH: /sbin
PATH: /bin
PATH: /usr/games
PATH: /usr/local/games
PATH: /usr/local/ant/bin
PATH: /opt/bin/java/jdk/bin
PATH: /home/administrator/Documents/web/server/apache-tomcat-7.0.47/bin
PATH: /usr/local/Trolltech/Qt-4.8.4/bin
PATH: /opt/bin/go/bin
PATH: /home/administrator/Documents/go/bin
PATH: /usr/local/mysql/bin
PATH: /usr/local/texlive/2013/bin/x86_64-linux
PATH: /usr/local/mrtg-2/bin/
PATH: /opt/bin/toolchain/FriendlyARM/toolschain/4.4.3/bin
PATH: /opt/bin/adt-bundle-linux-x86_64-20130729/sdk/platform-tools/
PATH: /opt/bin/toolchain/uClinux/bfin-uclinux/bin
PATH: /opt/bin/toolchain/uClinux/bfin-linux-uclibc/bin
PATH: /opt/bin/toolchain/uClinux/bfin-elf/bin
PATH: /opt/bin/toolchain/OpenWrt-Toolchain-ramips-for-mipsel_r2-gcc-4.6-linaro_uClibc-0.9.33.2/toolchain-mipsel_r2_gcc-4.6-linaro_uClibc-0.9.33.2/bin
PATH: /opt/bin/toolchain/mingw32/bin
PATH: /opt/bin/toolchain/devkitARM/bin
PATH: /home/administrator/.local/bin
PATH: /usr/local/bin/x86_64-pc-linux-gnu


## ----------- ##
## Core tests. ##
## ----------- ##

configure:2722: checking for a BSD-compatible install
configure:2790: result: /usr/bin/install -c
configure:2801: checking whether build environment is sane
configure:2856: result: yes
configure:3007: checking for a thread-safe mkdir -p
configure:3046: result: /bin/mkdir -p
configure:3053: checking for gawk
configure:3083: result: no
configure:3053: checking for mawk
configure:3069: found /usr/bin/mawk
configure:3080: result: mawk
configure:3091: checking whether make sets $(MAKE)
configure:3113: result: yes
configure:3194: checking how to create a ustar tar archive
configure:3207: tar --version
tar (GNU tar) 1.26
Copyright (C) 2011 Free Software Foundation, Inc.
License GPLv3+: GNU GPL version 3 or later <http://gnu.org/licenses/gpl.html>.
This is free software: you are free to change and redistribute it.
There is NO WARRANTY, to the extent permitted by law.

Written by John Gilmore and Jay Fenlason.
configure:3210: $? = 0
configure:3250: tardir=conftest.dir && eval tar --format=ustar -chf - "$tardir" >conftest.tar
configure:3253: $? = 0
configure:3257: tar -xf - <conftest.tar
configure:3260: $? = 0
configure:3273: result: gnutar
configure:3292: checking whether make supports nested variables
configure:3309: result: yes
configure:3344: checking whether to enable maintainer-specific portions of Makefiles
configure:3353: result: no
configure:3368: checking whether NLS is requested
configure:3377: result: yes
configure:3393: checking for style of include used by make
configure:3421: result: GNU
configure:3492: checking for gcc
configure:3508: found /usr/bin/gcc
configure:3519: result: gcc
configure:3748: checking for C compiler version
configure:3757: gcc --version >&5
gcc (Ubuntu/Linaro 4.8.1-10ubuntu9) 4.8.1
Copyright (C) 2013 Free Software Foundation, Inc.
This is free software; see the source for copying conditions.  There is NO
warranty; not even for MERCHANTABILITY or FITNESS FOR A PARTICULAR PURPOSE.

configure:3768: $? = 0
configure:3757: gcc -v >&5
Using built-in specs.
COLLECT_GCC=gcc
COLLECT_LTO_WRAPPER=/usr/lib/gcc/x86_64-linux-gnu/4.8/lto-wrapper
Target: x86_64-linux-gnu
Configured with: ../src/configure -v --with-pkgversion='Ubuntu/Linaro 4.8.1-10ubuntu9' --with-bugurl=file:///usr/share/doc/gcc-4.8/README.Bugs --enable-languages=c,c++,java,go,d,fortran,objc,obj-c++ --prefix=/usr --program-suffix=-4.8 --enable-shared --enable-linker-build-id --libexecdir=/usr/lib --without-included-gettext --enable-threads=posix --with-gxx-include-dir=/usr/include/c++/4.8 --libdir=/usr/lib --enable-nls --with-sysroot=/ --enable-clocale=gnu --enable-libstdcxx-debug --enable-libstdcxx-time=yes --enable-gnu-unique-object --enable-plugin --with-system-zlib --disable-browser-plugin --enable-java-awt=gtk --enable-gtk-cairo --with-java-home=/usr/lib/jvm/java-1.5.0-gcj-4.8-amd64/jre --enable-java-home --with-jvm-root-dir=/usr/lib/jvm/java-1.5.0-gcj-4.8-amd64 --with-jvm-jar-dir=/usr/lib/jvm-exports/java-1.5.0-gcj-4.8-amd64 --with-arch-directory=amd64 --with-ecj-jar=/usr/share/java/eclipse-ecj.jar --enable-objc-gc --enable-multiarch --disable-werror --with-arch-32=i686 --with-abi=m64 --with-multilib-list=m32,m64,mx32 --with-tune=generic --enable-checking=release --build=x86_64-linux-gnu --host=x86_64-linux-gnu --target=x86_64-linux-gnu
Thread model: posix
gcc version 4.8.1 (Ubuntu/Linaro 4.8.1-10ubuntu9) 
configure:3768: $? = 0
configure:3757: gcc -V >&5
gcc: error: unrecognized command line option '-V'
gcc: fatal error: no input files
compilation terminated.
configure:3768: $? = 4
configure:3757: gcc -qversion >&5
gcc: error: unrecognized command line option '-qversion'
gcc: fatal error: no input files
compilation terminated.
configure:3768: $? = 4
configure:3788: checking whether the C compiler works
configure:3810: gcc    conftest.c  >&5
configure:3814: $? = 0
configure:3862: result: yes
configure:3865: checking for C compiler default output file name
configure:3867: result: a.out
configure:3873: checking for suffix of executables
configure:3880: gcc -o conftest    conftest.c  >&5
configure:3884: $? = 0
configure:3906: result: 
configure:3928: checking whether we are cross compiling
configure:3936: gcc -o conftest    conftest.c  >&5
configure:3940: $? = 0
configure:3947: ./conftest
configure:3951: $? = 0
configure:3966: result: no
configure:3971: checking for suffix of object files
configure:3993: gcc -c   conftest.c >&5
configure:3997: $? = 0
configure:4018: result: o
configure:4022: checking whether we are using the GNU C compiler
configure:4041: gcc -c   conftest.c >&5
configure:4041: $? = 0
configure:4050: result: yes
configure:4059: checking whether gcc accepts -g
configure:4079: gcc -c -g  conftest.c >&5
configure:4079: $? = 0
configure:4120: result: yes
configure:4137: checking for gcc option to accept ISO C89
configure:4200: gcc  -c -g -O2  conftest.c >&5
configure:4200: $? = 0
configure:4213: result: none needed
configure:4235: checking dependency style of gcc
configure:4346: result: gcc3
configure:4376: checking for intltool >= 0.35.0
configure:4378: result:  found
configure:4381: error: Your intltool is too old.  You need intltool 0.35.0 or later.

## ---------------- ##
## Cache variables. ##
## ---------------- ##

ac_cv_c_compiler_gnu=yes
ac_cv_env_CC_set=
ac_cv_env_CC_value=
ac_cv_env_CFLAGS_set=
ac_cv_env_CFLAGS_value=
ac_cv_env_CPPFLAGS_set=
ac_cv_env_CPPFLAGS_value=
ac_cv_env_CPP_set=
ac_cv_env_CPP_value=
ac_cv_env_CPUFREQ_SELECTOR_CFLAGS_set=
ac_cv_env_CPUFREQ_SELECTOR_CFLAGS_value=
ac_cv_env_CPUFREQ_SELECTOR_LIBS_set=
ac_cv_env_CPUFREQ_SELECTOR_LIBS_value=
ac_cv_env_DBUS_CFLAGS_set=
ac_cv_env_DBUS_CFLAGS_value=
ac_cv_env_DBUS_LIBS_set=
ac_cv_env_DBUS_LIBS_value=
ac_cv_env_GIO_CFLAGS_set=
ac_cv_env_GIO_CFLAGS_value=
ac_cv_env_GIO_LIBS_set=
ac_cv_env_GIO_LIBS_value=
ac_cv_env_GIO_UNIX_CFLAGS_set=
ac_cv_env_GIO_UNIX_CFLAGS_value=
ac_cv_env_GIO_UNIX_LIBS_set=
ac_cv_env_GIO_UNIX_LIBS_value=
ac_cv_env_GIT_CFLAGS_set=
ac_cv_env_GIT_CFLAGS_value=
ac_cv_env_GIT_LIBS_set=
ac_cv_env_GIT_LIBS_value=
ac_cv_env_GNOME_APPLETS_CFLAGS_set=
ac_cv_env_GNOME_APPLETS_CFLAGS_value=
ac_cv_env_GNOME_APPLETS_LIBS_set=
ac_cv_env_GNOME_APPLETS_LIBS_value=
ac_cv_env_GNOME_SETTINGS_DAEMON_CFLAGS_set=
ac_cv_env_GNOME_SETTINGS_DAEMON_CFLAGS_value=
ac_cv_env_GNOME_SETTINGS_DAEMON_LIBS_set=
ac_cv_env_GNOME_SETTINGS_DAEMON_LIBS_value=
ac_cv_env_GTK_CFLAGS_set=
ac_cv_env_GTK_CFLAGS_value=
ac_cv_env_GTK_LIBS_set=
ac_cv_env_GTK_LIBS_value=
ac_cv_env_GTOP_APPLETS_CFLAGS_set=
ac_cv_env_GTOP_APPLETS_CFLAGS_value=
ac_cv_env_GTOP_APPLETS_LIBS_set=
ac_cv_env_GTOP_APPLETS_LIBS_value=
ac_cv_env_GUCHARMAP_CFLAGS_set=
ac_cv_env_GUCHARMAP_CFLAGS_value=
ac_cv_env_GUCHARMAP_LIBS_set=
ac_cv_env_GUCHARMAP_LIBS_value=
ac_cv_env_HAL_CFLAGS_set=
ac_cv_env_HAL_CFLAGS_value=
ac_cv_env_HAL_LIBS_set=
ac_cv_env_HAL_LIBS_value=
ac_cv_env_LDFLAGS_set=
ac_cv_env_LDFLAGS_value=
ac_cv_env_LIBGWEATHER_CFLAGS_set=
ac_cv_env_LIBGWEATHER_CFLAGS_value=
ac_cv_env_LIBGWEATHER_LIBS_set=
ac_cv_env_LIBGWEATHER_LIBS_value=
ac_cv_env_LIBNOTIFY_CFLAGS_set=
ac_cv_env_LIBNOTIFY_CFLAGS_value=
ac_cv_env_LIBNOTIFY_LIBS_set=
ac_cv_env_LIBNOTIFY_LIBS_value=
ac_cv_env_LIBS_set=
ac_cv_env_LIBS_value=
ac_cv_env_LIBWNCK_CFLAGS_set=
ac_cv_env_LIBWNCK_CFLAGS_value=
ac_cv_env_LIBWNCK_LIBS_set=
ac_cv_env_LIBWNCK_LIBS_value=
ac_cv_env_MIXER_CFLAGS_set=
ac_cv_env_MIXER_CFLAGS_value=
ac_cv_env_MIXER_LIBS_set=
ac_cv_env_MIXER_LIBS_value=
ac_cv_env_NETWORKMANAGER_CFLAGS_set=
ac_cv_env_NETWORKMANAGER_CFLAGS_value=
ac_cv_env_NETWORKMANAGER_LIBS_set=
ac_cv_env_NETWORKMANAGER_LIBS_value=
ac_cv_env_PKG_CONFIG_LIBDIR_set=
ac_cv_env_PKG_CONFIG_LIBDIR_value=
ac_cv_env_PKG_CONFIG_PATH_set=set
ac_cv_env_PKG_CONFIG_PATH_value=/usr/local/lib/pkgconfig:/usr/lib/x86_64-linux-gnu/pkgconfig:/usr/local/Trolltech/Qt-4.8.4/lib/pkgconfig
ac_cv_env_PKG_CONFIG_set=
ac_cv_env_PKG_CONFIG_value=
ac_cv_env_POLKIT_CFLAGS_set=
ac_cv_env_POLKIT_CFLAGS_value=
ac_cv_env_POLKIT_LIBS_set=
ac_cv_env_POLKIT_LIBS_value=
ac_cv_env_PYGTK_CFLAGS_set=
ac_cv_env_PYGTK_CFLAGS_value=
ac_cv_env_PYGTK_LIBS_set=
ac_cv_env_PYGTK_LIBS_value=
ac_cv_env_PYTHON_set=
ac_cv_env_PYTHON_value=
ac_cv_env_XMKMF_set=
ac_cv_env_XMKMF_value=
ac_cv_env_XML2_CFLAGS_set=
ac_cv_env_XML2_CFLAGS_value=
ac_cv_env_XML2_LIBS_set=
ac_cv_env_XML2_LIBS_value=
ac_cv_env_build_alias_set=
ac_cv_env_build_alias_value=
ac_cv_env_host_alias_set=
ac_cv_env_host_alias_value=
ac_cv_env_target_alias_set=
ac_cv_env_target_alias_value=
ac_cv_objext=o
ac_cv_path_install='/usr/bin/install -c'
ac_cv_path_mkdir=/bin/mkdir
ac_cv_prog_AWK=mawk
ac_cv_prog_ac_ct_CC=gcc
ac_cv_prog_cc_c89=
ac_cv_prog_cc_g=yes
ac_cv_prog_make_make_set=yes
am_cv_CC_dependencies_compiler_type=gcc3
am_cv_make_support_nested_variables=yes
am_cv_prog_tar_ustar=gnutar

## ----------------- ##
## Output variables. ##
## ----------------- ##

ACLOCAL='${SHELL} /home/administrator/Documents/linux/sysmgt/cpufreq/gnome-applets-3.5.92/missing --run aclocal-1.12'
ACLOCAL_AMFLAGS=''
ACPIINC=''
ALL_LINGUAS=''
AMDEPBACKSLASH='\'
AMDEP_FALSE='#'
AMDEP_TRUE=''
AMTAR='$${TAR-tar}'
AM_BACKSLASH='\'
AM_DEFAULT_V='$(AM_DEFAULT_VERBOSITY)'
AM_DEFAULT_VERBOSITY='0'
AM_V='$(V)'
APPLET_ACCESSX_FALSE=''
APPLET_ACCESSX_TRUE=''
APPLET_MODEMLIGHTS_FALSE=''
APPLET_MODEMLIGHTS_TRUE=''
AR=''
AUTOCONF='${SHELL} /home/administrator/Documents/linux/sysmgt/cpufreq/gnome-applets-3.5.92/missing --run autoconf'
AUTOHEADER='${SHELL} /home/administrator/Documents/linux/sysmgt/cpufreq/gnome-applets-3.5.92/missing --run autoheader'
AUTOMAKE='${SHELL} /home/administrator/Documents/linux/sysmgt/cpufreq/gnome-applets-3.5.92/missing --run automake-1.12'
AWK='mawk'
BUILDERDIR=''
BUILD_BATTSTAT_APPLET_FALSE=''
BUILD_BATTSTAT_APPLET_TRUE=''
BUILD_CPUFREQ_APPLET_FALSE=''
BUILD_CPUFREQ_APPLET_TRUE=''
BUILD_CPUFREQ_SELECTOR_FALSE=''
BUILD_CPUFREQ_SELECTOR_TRUE=''
BUILD_GTOP_APPLETS_FALSE=''
BUILD_GTOP_APPLETS_TRUE=''
BUILD_INVEST_APPLET_FALSE=''
BUILD_INVEST_APPLET_TRUE=''
BUILD_LIBGWEATHER_APPLETS_FALSE=''
BUILD_LIBGWEATHER_APPLETS_TRUE=''
BUILD_MINICOMMANDER_APPLET_FALSE=''
BUILD_MINICOMMANDER_APPLET_TRUE=''
BUILD_MIXER_APPLET_FALSE=''
BUILD_MIXER_APPLET_TRUE=''
BUILD_STICKYNOTES_APPLET_FALSE=''
BUILD_STICKYNOTES_APPLET_TRUE=''
CATALOGS=''
CATOBJEXT=''
CC='gcc'
CCDEPMODE='depmode=gcc3'
CFLAGS='-g -O2'
CPP=''
CPPFLAGS=''
CPUFREQ_SELECTOR_CFLAGS=''
CPUFREQ_SELECTOR_LIBS=''
CPUFREQ_SELECTOR_SUID_FALSE=''
CPUFREQ_SELECTOR_SUID_TRUE=''
CYGPATH_W='echo'
DATADIR=''
DATADIRNAME=''
DBUS_CFLAGS=''
DBUS_LIBS=''
DEFS=''
DEPDIR='.deps'
DISTCHECK_CONFIGURE_FLAGS=''
DLLTOOL=''
DOC_USER_FORMATS=''
DSYMUTIL=''
DUMPBIN=''
ECHO_C=''
ECHO_N='-n'
ECHO_T=''
EGREP=''
ENABLE_SK_FALSE=''
ENABLE_SK_TRUE=''
EXEEXT=''
FGREP=''
GCONFTOOL=''
GCONF_SCHEMAS_INSTALL_FALSE=''
GCONF_SCHEMAS_INSTALL_TRUE=''
GCONF_SCHEMA_CONFIG_SOURCE=''
GCONF_SCHEMA_FILE_DIR=''
GDK_PIXBUF_CSOURCE=''
GETTEXT_PACKAGE=''
GIO_CFLAGS=''
GIO_LIBS=''
GIO_UNIX_CFLAGS=''
GIO_UNIX_LIBS=''
GIT_CFLAGS=''
GIT_LIBS=''
GKB_SUN_FALSE=''
GKB_SUN_TRUE=''
GLIB_COMPILE_SCHEMAS=''
GLIB_GENMARSHAL=''
GMOFILES=''
GMSGFMT=''
GNOMELOCALEDIR=''
GNOME_APPLETS_CFLAGS=''
GNOME_APPLETS_LIBS=''
GNOME_ICONDIR=''
GNOME_PIXMAPSDIR=''
GNOME_SETTINGS_DAEMON_CFLAGS=''
GNOME_SETTINGS_DAEMON_LIBS=''
GREP=''
GSETTINGS_DISABLE_SCHEMAS_COMPILE=''
GSETTINGS_RULES=''
GTK_BUILDERDIR=''
GTK_CFLAGS=''
GTK_FLAGS=''
GTK_LIBS=''
GTOP_APPLETS_CFLAGS=''
GTOP_APPLETS_LIBS=''
GUCHARMAP_CFLAGS=''
GUCHARMAP_LIBS=''
HAL_CFLAGS=''
HAL_LIBS=''
HAVE_GNOME_DOC_UTILS_FALSE=''
HAVE_GNOME_DOC_UTILS_TRUE=''
HAVE_JW=''
HAVE_JW_FALSE=''
HAVE_JW_TRUE=''
HAVE_LIBAPM=''
HAVE_LIBAPM_FALSE=''
HAVE_LIBAPM_TRUE=''
HAVE_LIBCPUFREQ_FALSE=''
HAVE_LIBCPUFREQ_TRUE=''
HAVE_POLKIT_FALSE=''
HAVE_POLKIT_TRUE=''
HAVE_XKB=''
HELP_DIR=''
INSTALL_DATA='${INSTALL} -m 644'
INSTALL_PROGRAM='${INSTALL}'
INSTALL_SCRIPT='${INSTALL}'
INSTALL_STRIP_PROGRAM='$(install_sh) -c -s'
INSTOBJEXT=''
INTLLIBS=''
INTLTOOL_CAVES_RULE=''
INTLTOOL_DESKTOP_RULE=''
INTLTOOL_DIRECTORY_RULE=''
INTLTOOL_EXTRACT=''
INTLTOOL_KBD_RULE=''
INTLTOOL_KEYS_RULE=''
INTLTOOL_MERGE=''
INTLTOOL_OAF_RULE=''
INTLTOOL_PERL=''
INTLTOOL_POLICY_RULE=''
INTLTOOL_PONG_RULE=''
INTLTOOL_PROP_RULE=''
INTLTOOL_SCHEMAS_RULE=''
INTLTOOL_SERVER_RULE=''
INTLTOOL_SERVICE_RULE=''
INTLTOOL_SHEET_RULE=''
INTLTOOL_SOUNDLIST_RULE=''
INTLTOOL_THEME_RULE=''
INTLTOOL_UI_RULE=''
INTLTOOL_UPDATE=''
INTLTOOL_V_MERGE=''
INTLTOOL_V_MERGE_OPTIONS=''
INTLTOOL_XAM_RULE=''
INTLTOOL_XML_NOMERGE_RULE=''
INTLTOOL_XML_RULE=''
INTLTOOL__v_MERGE_0=''
INTLTOOL__v_MERGE_=''
JW=''
LD=''
LDFLAGS=''
LIBCPUFREQ_LIBS=''
LIBDIR=''
LIBGWEATHER_CFLAGS=''
LIBGWEATHER_LIBS=''
LIBM=''
LIBNOTIFY_CFLAGS=''
LIBNOTIFY_LIBS=''
LIBOBJS=''
LIBPANEL_APPLET_DIR=''
LIBS=''
LIBTOOL=''
LIBWNCK_CFLAGS=''
LIBWNCK_LIBS=''
LIPO=''
LN_S=''
LTLIBOBJS=''
MAINT='#'
MAINTAINER_MODE_FALSE=''
MAINTAINER_MODE_TRUE='#'
MAKEINFO='${SHELL} /home/administrator/Documents/linux/sysmgt/cpufreq/gnome-applets-3.5.92/missing --run makeinfo'
MANIFEST_TOOL=''
MIXER_CFLAGS=''
MIXER_LIBS=''
MKDIR_P='/bin/mkdir -p'
MKINSTALLDIRS=''
MSGFMT=''
MSGFMT_OPTS=''
MSGMERGE=''
NEED_LIBAPM=''
NEED_LIBAPM_FALSE=''
NEED_LIBAPM_TRUE=''
NETWORKMANAGER_CFLAGS=''
NETWORKMANAGER_LIBS=''
NETWORKMANAGER_VERSION=''
NM=''
NMEDIT=''
OBJDUMP=''
OBJEXT='o'
OMF_DIR=''
OTOOL64=''
OTOOL=''
PACKAGE='gnome-applets'
PACKAGE_BUGREPORT=''
PACKAGE_NAME='gnome-applets'
PACKAGE_STRING='gnome-applets 3.5.92'
PACKAGE_TARNAME='gnome-applets'
PACKAGE_URL=''
PACKAGE_VERSION='3.5.92'
PATH_SEPARATOR=':'
PKGDATADIR=''
PKG_CONFIG=''
PKG_CONFIG_LIBDIR=''
PKG_CONFIG_PATH='/usr/local/lib/pkgconfig:/usr/lib/x86_64-linux-gnu/pkgconfig:/usr/local/Trolltech/Qt-4.8.4/lib/pkgconfig'
POFILES=''
POLKIT_CFLAGS=''
POLKIT_LIBS=''
POSUB=''
PO_IN_DATADIR_FALSE=''
PO_IN_DATADIR_TRUE=''
PREFIX=''
PYGTK_CFLAGS=''
PYGTK_LIBS=''
PYTHON=''
PYTHONDIR=''
PYTHON_EXEC_PREFIX=''
PYTHON_INCLUDES=''
PYTHON_PLATFORM=''
PYTHON_PREFIX=''
PYTHON_VERSION=''
RANLIB=''
SCROLLKEEPER_CONFIG=''
SCROLLKEEPER_REQUIRED='0.1.4'
SED=''
SET_MAKE=''
SHELL='/bin/bash'
STRIP=''
SU_TOOL=''
SYSCONFDIR=''
USE_NLS='yes'
VERSION='3.5.92'
WARN_CFLAGS=''
XGETTEXT=''
XMKMF=''
XML2_CFLAGS=''
XML2_LIBS=''
XSLTPROC=''
X_CFLAGS=''
X_EXTRA_LIBS=''
X_LIBS=''
X_PRE_LIBS=''
ac_ct_AR=''
ac_ct_CC='gcc'
ac_ct_DUMPBIN=''
am__EXEEXT_FALSE=''
am__EXEEXT_TRUE=''
am__fastdepCC_FALSE='#'
am__fastdepCC_TRUE=''
am__include='include'
am__isrc=''
am__leading_dot='.'
am__nodep='_no'
am__quote=''
am__tar='tar --format=ustar -chf - "$$tardir"'
am__untar='tar -xf -'
bindir='${exec_prefix}/bin'
build=''
build_alias=''
build_cpu=''
build_os=''
build_vendor=''
builderdir=''
datadir='${datarootdir}'
datarootdir='${prefix}/share'
docdir='${datarootdir}/doc/${PACKAGE_TARNAME}'
dvidir='${docdir}'
exec_prefix='NONE'
gnomelocaledir=''
gsettingsschemadir=''
host=''
host_alias=''
host_cpu=''
host_os=''
host_vendor=''
htmldir='${docdir}'
iconsdir=''
includedir='${prefix}/include'
infodir='${datarootdir}/info'
install_sh='${SHELL} /home/administrator/Documents/linux/sysmgt/cpufreq/gnome-applets-3.5.92/install-sh'
intltool__v_merge_options_0=''
intltool__v_merge_options_=''
libdir='${exec_prefix}/lib'
libexecdir='${exec_prefix}/libexec'
localedir='${datarootdir}/locale'
localstatedir='${prefix}/var'
mandir='${datarootdir}/man'
mkdir_p='$(MKDIR_P)'
oldincludedir='/usr/include'
pdfdir='${docdir}'
pixmapsdir=''
pkgdatadir=''
pkgpyexecdir=''
pkgpythondir=''
prefix='NONE'
program_transform_name='s,x,x,'
psdir='${docdir}'
pyexecdir=''
pythondir=''
sbindir='${exec_prefix}/sbin'
sharedstatedir='${prefix}/com'
sysconfdir='${prefix}/etc'
target_alias=''

## ----------- ##
## confdefs.h. ##
## ----------- ##

/* confdefs.h */
#define PACKAGE_NAME "gnome-applets"
#define PACKAGE_TARNAME "gnome-applets"
#define PACKAGE_VERSION "3.5.92"
#define PACKAGE_STRING "gnome-applets 3.5.92"
#define PACKAGE_BUGREPORT ""
#define PACKAGE_URL ""
#define PACKAGE "gnome-applets"
#define VERSION "3.5.92"

configure: exit 1
